#
# There is insufficient memory for the Java Runtime Environment to continue.
# Native memory allocation (mmap) failed to map 132120576 bytes for G1 virtual space
# Possible reasons:
#   The system is out of physical RAM or swap space
#   The process is running with CompressedOops enabled, and the Java Heap may be blocking the growth of the native heap
# Possible solutions:
#   Reduce memory load on the system
#   Increase physical memory or swap space
#   Check if swap backing store is full
#   Decrease Java heap size (-Xmx/-Xms)
#   Decrease number of Java threads
#   Decrease Java thread stack sizes (-Xss)
#   Set larger code cache with -XX:ReservedCodeCacheSize=
#   JVM is running with Unscaled Compressed Oops mode in which the Java heap is
#     placed in the first 4GB address space. The Java Heap base address is the
#     maximum limit for the native heap growth. Please use -XX:HeapBaseMinAddress
#     to set the Java Heap base and to place the Java Heap above 4GB virtual address.
# This output file may be truncated or incomplete.
#
#  Out of Memory Error (os_windows.cpp:3617), pid=17360, tid=25016
#
# JRE version:  (17.0.8.1+1) (build )
# Java VM: OpenJDK 64-Bit Server VM (17.0.8.1+1, mixed mode, sharing, tiered, compressed oops, compressed class ptrs, g1 gc, windows-amd64)
# No core dump will be written. Minidumps are not enabled by default on client versions of Windows
#

---------------  S U M M A R Y ------------

Command Line: -Dfile.encoding=UTF-8 -Dstdout.encoding=UTF-8 -Dstderr.encoding=UTF-8 -XX:+ShowCodeDetailsInExceptionMessages Front.Interface

Host: Intel(R) Core(TM) i5-8300H CPU @ 2.30GHz, 8 cores, 7G,  Windows 11 , 64 bit Build 22621 (10.0.22621.2506)
Time: Tue Jan 16 22:23:21 2024 Paris, Madrid elapsed time: 0.020436 seconds (0d 0h 0m 0s)

---------------  T H R E A D  ---------------

Current thread (0x00000196c0fcbfe0):  JavaThread "Unknown thread" [_thread_in_vm, id=25016, stack(0x0000004f06700000,0x0000004f06800000)]

Stack: [0x0000004f06700000,0x0000004f06800000]
Native frames: (J=compiled Java code, j=interpreted, Vv=VM code, C=native code)
V  [jvm.dll+0x678b0a]
V  [jvm.dll+0x835e84]
V  [jvm.dll+0x83762e]
V  [jvm.dll+0x837c93]
V  [jvm.dll+0x24746f]
V  [jvm.dll+0x675859]
V  [jvm.dll+0x66a0ea]
V  [jvm.dll+0x306c7b]
V  [jvm.dll+0x30e166]
V  [jvm.dll+0x35dd3e]
V  [jvm.dll+0x35df6f]
V  [jvm.dll+0x2ddb48]
V  [jvm.dll+0x2deab4]
V  [jvm.dll+0x807f31]
V  [jvm.dll+0x36bb21]
V  [jvm.dll+0x7e733c]
V  [jvm.dll+0x3ee4af]
V  [jvm.dll+0x3f00c1]
C  [jli.dll+0x528b]
C  [ucrtbase.dll+0x29363]
C  [KERNEL32.DLL+0x1257d]
C  [ntdll.dll+0x5aa58]


---------------  P R O C E S S  ---------------

Threads class SMR info:
_java_thread_list=0x00007ffa03f3a018, length=0, elements={
}

Java Threads: ( => current thread )

Other Threads:
  0x00000196c3029690 GCTaskThread "GC Thread#0" [stack: 0x0000004f06800000,0x0000004f06900000] [id=12204]
  0x00000196c3039f30 ConcurrentGCThread "G1 Main Marker" [stack: 0x0000004f06900000,0x0000004f06a00000] [id=25196]
  0x00000196c303aff0 ConcurrentGCThread "G1 Conc#0" [stack: 0x0000004f06a00000,0x0000004f06b00000] [id=23340]

[error occurred during error reporting (printing all threads), id 0xc0000005, EXCEPTION_ACCESS_VIOLATION (0xc0000005) at pc=0x00007ffa0370e587]

VM state: not at safepoint (not fully initialized)

VM Mutex/Monitor currently owned by a thread:  ([mutex/lock_event])
[0x00000196c0fc84a0] Heap_lock - owner thread: 0x00000196c0fcbfe0

Heap address: 0x0000000082e00000, size: 2002 MB, Compressed Oops mode: 32-bit

CDS archive(s) mapped at: [0x0000000000000000-0x0000000000000000-0x0000000000000000), size 0, SharedBaseAddress: 0x0000000800000000, ArchiveRelocationMode: 1.
Narrow klass base: 0x0000000000000000, Narrow klass shift: 0, Narrow klass range: 0x0

GC Precious Log:
<Empty>

Heap:
 garbage-first heap   total 0K, used 0K [0x0000000082e00000, 0x0000000100000000)
  region size 1024K, 0 young (0K), 0 survivors (0K)

[error occurred during error reporting (printing heap information), id 0xc0000005, EXCEPTION_ACCESS_VIOLATION (0xc0000005) at pc=0x00007ffa03af2699]

GC Heap History (0 events):
No events

Dll operation events (1 events):
Event: 0.009 Loaded shared library C:\Users\ewans\.p2\pool\plugins\org.eclipse.justj.openjdk.hotspot.jre.full.win32.x86_64_17.0.8.v20230831-1047\jre\bin\java.dll

Deoptimization events (0 events):
No events

Classes unloaded (0 events):
No events

Classes redefined (0 events):
No events

Internal exceptions (0 events):
No events

VM Operations (0 events):
No events

Events (0 events):
No events


Dynamic libraries:
0x00007ff662bc0000 - 0x00007ff662bce000 	C:\Users\ewans\.p2\pool\plugins\org.eclipse.justj.openjdk.hotspot.jre.full.win32.x86_64_17.0.8.v20230831-1047\jre\bin\javaw.exe
0x00007ffa89f50000 - 0x00007ffa8a167000 	C:\WINDOWS\SYSTEM32\ntdll.dll
0x00007ffa89470000 - 0x00007ffa89534000 	C:\WINDOWS\System32\KERNEL32.DLL
0x00007ffa877f0000 - 0x00007ffa87b96000 	C:\WINDOWS\System32\KERNELBASE.dll
0x00007ffa874f0000 - 0x00007ffa87601000 	C:\WINDOWS\System32\ucrtbase.dll
0x00007ffa826f0000 - 0x00007ffa82707000 	C:\Users\ewans\.p2\pool\plugins\org.eclipse.justj.openjdk.hotspot.jre.full.win32.x86_64_17.0.8.v20230831-1047\jre\bin\jli.dll
0x00007ffa826d0000 - 0x00007ffa826e9000 	C:\Users\ewans\.p2\pool\plugins\org.eclipse.justj.openjdk.hotspot.jre.full.win32.x86_64_17.0.8.v20230831-1047\jre\bin\VCRUNTIME140.dll
0x00007ffa89d30000 - 0x00007ffa89ede000 	C:\WINDOWS\System32\USER32.dll
0x00007ffa6ca90000 - 0x00007ffa6cd23000 	C:\WINDOWS\WinSxS\amd64_microsoft.windows.common-controls_6595b64144ccf1df_6.0.22621.2506_none_270c5ae97388e100\COMCTL32.dll
0x00007ffa87350000 - 0x00007ffa87376000 	C:\WINDOWS\System32\win32u.dll
0x00007ffa88ae0000 - 0x00007ffa88b87000 	C:\WINDOWS\System32\msvcrt.dll
0x00007ffa89730000 - 0x00007ffa89759000 	C:\WINDOWS\System32\GDI32.dll
0x00007ffa87610000 - 0x00007ffa87728000 	C:\WINDOWS\System32\gdi32full.dll
0x00007ffa87ba0000 - 0x00007ffa87c3a000 	C:\WINDOWS\System32\msvcp_win.dll
0x00007ffa89bf0000 - 0x00007ffa89c21000 	C:\WINDOWS\System32\IMM32.DLL
0x00007ffa82830000 - 0x00007ffa8283c000 	C:\Users\ewans\.p2\pool\plugins\org.eclipse.justj.openjdk.hotspot.jre.full.win32.x86_64_17.0.8.v20230831-1047\jre\bin\vcruntime140_1.dll
0x00007ffa5e8f0000 - 0x00007ffa5e981000 	C:\Users\ewans\.p2\pool\plugins\org.eclipse.justj.openjdk.hotspot.jre.full.win32.x86_64_17.0.8.v20230831-1047\jre\bin\msvcp140.dll
0x00007ffa03420000 - 0x00007ffa0406c000 	C:\Users\ewans\.p2\pool\plugins\org.eclipse.justj.openjdk.hotspot.jre.full.win32.x86_64_17.0.8.v20230831-1047\jre\bin\server\jvm.dll
0x00007ffa89250000 - 0x00007ffa89303000 	C:\WINDOWS\System32\ADVAPI32.dll
0x00007ffa893c0000 - 0x00007ffa89468000 	C:\WINDOWS\System32\sechost.dll
0x00007ffa87c40000 - 0x00007ffa87c68000 	C:\WINDOWS\System32\bcrypt.dll
0x00007ffa87c70000 - 0x00007ffa87d87000 	C:\WINDOWS\System32\RPCRT4.dll
0x00007ffa7fa80000 - 0x00007ffa7fab4000 	C:\WINDOWS\SYSTEM32\WINMM.dll
0x00007ffa868d0000 - 0x00007ffa8691d000 	C:\WINDOWS\SYSTEM32\POWRPROF.dll
0x00007ffa81480000 - 0x00007ffa81489000 	C:\WINDOWS\SYSTEM32\WSOCK32.dll
0x00007ffa7f520000 - 0x00007ffa7f52a000 	C:\WINDOWS\SYSTEM32\VERSION.dll
0x00007ffa89560000 - 0x00007ffa895d1000 	C:\WINDOWS\System32\WS2_32.dll
0x00007ffa86880000 - 0x00007ffa86893000 	C:\WINDOWS\SYSTEM32\UMPDC.dll
0x00007ffa86290000 - 0x00007ffa862a8000 	C:\WINDOWS\SYSTEM32\kernel.appcore.dll
0x00007ffa6e3f0000 - 0x00007ffa6e3fa000 	C:\Users\ewans\.p2\pool\plugins\org.eclipse.justj.openjdk.hotspot.jre.full.win32.x86_64_17.0.8.v20230831-1047\jre\bin\jimage.dll
0x00007ffa84bb0000 - 0x00007ffa84de3000 	C:\WINDOWS\SYSTEM32\DBGHELP.DLL
0x00007ffa88660000 - 0x00007ffa889e9000 	C:\WINDOWS\System32\combase.dll
0x00007ffa889f0000 - 0x00007ffa88ac7000 	C:\WINDOWS\System32\OLEAUT32.dll
0x00007ffa69dd0000 - 0x00007ffa69e02000 	C:\WINDOWS\SYSTEM32\dbgcore.DLL
0x00007ffa872d0000 - 0x00007ffa8734a000 	C:\WINDOWS\System32\bcryptPrimitives.dll
0x00007ffa7f2d0000 - 0x00007ffa7f2f5000 	C:\Users\ewans\.p2\pool\plugins\org.eclipse.justj.openjdk.hotspot.jre.full.win32.x86_64_17.0.8.v20230831-1047\jre\bin\java.dll

dbghelp: loaded successfully - version: 4.0.5 - missing functions: none
symbol engine: initialized successfully - sym options: 0x614 - pdb path: .;C:\Users\ewans\.p2\pool\plugins\org.eclipse.justj.openjdk.hotspot.jre.full.win32.x86_64_17.0.8.v20230831-1047\jre\bin;C:\WINDOWS\SYSTEM32;C:\WINDOWS\WinSxS\amd64_microsoft.windows.common-controls_6595b64144ccf1df_6.0.22621.2506_none_270c5ae97388e100;C:\Users\ewans\.p2\pool\plugins\org.eclipse.justj.openjdk.hotspot.jre.full.win32.x86_64_17.0.8.v20230831-1047\jre\bin\server

VM Arguments:
jvm_args: -Dfile.encoding=UTF-8 -Dstdout.encoding=UTF-8 -Dstderr.encoding=UTF-8 -XX:+ShowCodeDetailsInExceptionMessages 
java_command: Front.Interface
java_class_path (initial): D:\Boulot\FISE2\S7\Projet Info\git\info4\target\classes;D:\Boulot\FISE2\S7\Projet Info\git\info4\miglayout15-swing.jar;C:\Users\ewans\.m2\repository\com\google\code\gson\gson\2.10.1\gson-2.10.1.jar;C:\Users\ewans\.m2\repository\com\fasterxml\jackson\core\jackson-databind\2.13.3\jackson-databind-2.13.3.jar;C:\Users\ewans\.m2\repository\com\fasterxml\jackson\core\jackson-annotations\2.13.3\jackson-annotations-2.13.3.jar;C:\Users\ewans\.m2\repository\com\fasterxml\jackson\core\jackson-core\2.13.3\jackson-core-2.13.3.jar
Launcher Type: SUN_STANDARD

[Global flags]
     intx CICompilerCount                          = 4                                         {product} {ergonomic}
     uint ConcGCThreads                            = 2                                         {product} {ergonomic}
     uint G1ConcRefinementThreads                  = 8                                         {product} {ergonomic}
   size_t G1HeapRegionSize                         = 1048576                                   {product} {ergonomic}
    uintx GCDrainStackTargetSize                   = 64                                        {product} {ergonomic}
   size_t InitialHeapSize                          = 132120576                                 {product} {ergonomic}
   size_t MarkStackSize                            = 4194304                                   {product} {ergonomic}
   size_t MaxHeapSize                              = 2099249152                                {product} {ergonomic}
   size_t MinHeapDeltaBytes                        = 1048576                                   {product} {ergonomic}
   size_t MinHeapSize                              = 8388608                                   {product} {ergonomic}
    uintx NonNMethodCodeHeapSize                   = 5839372                                {pd product} {ergonomic}
    uintx NonProfiledCodeHeapSize                  = 122909434                              {pd product} {ergonomic}
    uintx ProfiledCodeHeapSize                     = 122909434                              {pd product} {ergonomic}
    uintx ReservedCodeCacheSize                    = 251658240                              {pd product} {ergonomic}
     bool SegmentedCodeCache                       = true                                      {product} {ergonomic}
     bool ShowCodeDetailsInExceptionMessages       = true                                   {manageable} {command line}
   size_t SoftMaxHeapSize                          = 2099249152                             {manageable} {ergonomic}
     bool UseCompressedClassPointers               = true                           {product lp64_product} {ergonomic}
     bool UseCompressedOops                        = true                           {product lp64_product} {ergonomic}
     bool UseG1GC                                  = true                                      {product} {ergonomic}
     bool UseLargePagesIndividualAllocation        = false                                  {pd product} {ergonomic}

Logging:
Log output configuration:
 #0: stdout all=warning uptime,level,tags
 #1: stderr all=off uptime,level,tags

Environment Variables:
PATH=C:/Users/ewans/.p2/pool/plugins/org.eclipse.justj.openjdk.hotspot.jre.full.win32.x86_64_17.0.8.v20230831-1047/jre/bin/server;C:/Users/ewans/.p2/pool/plugins/org.eclipse.justj.openjdk.hotspot.jre.full.win32.x86_64_17.0.8.v20230831-1047/jre/bin;C:\Python312\Scripts\;C:\Python312\;C:\Program Files (x86)\Common Files\Oracle\Java\javapath;C:\Program Files (x86)\Intel\Intel(R) Management Engine Components\iCLS\;C:\Program Files\Intel\Intel(R) Management Engine Components\iCLS\;C:\windows\system32;C:\windows;C:\windows\System32\Wbem;C:\windows\System32\WindowsPowerShell\v1.0\;C:\windows\System32\OpenSSH\;C:\Program Files (x86)\Intel\Intel(R) Management Engine Components\DAL;C:\Program Files\Intel\Intel(R) Management Engine Components\DAL;C:\Program Files (x86)\NVIDIA Corporation\PhysX\Common;C:\WINDOWS\system32;C:\WINDOWS;C:\WINDOWS\System32\Wbem;C:\WINDOWS\System32\WindowsPowerShell\v1.0\;C:\WINDOWS\System32\OpenSSH\;C:\Program Files\NVIDIA Corporation\NVIDIA NvDLISR;C:\Program Files\Microsoft SQL Server\130\Tools\Binn\;%QUARTUS_ROOTDIR%\bin;C:\WINDOWS\system32;C:\WINDOWS;C:\WINDOWS\System32\Wbem;C:\WINDOWS\System32\WindowsPowerShell\v1.0\;C:\WINDOWS\System32\OpenSSH\;C:\Program Files\dotnet\;C:\Program Files (x86)\dotnet\;D:\Outils\Nodejs\;C:\ProgramData\chocolatey\bin;D:\Outils\bin;D:\Outils\Git\cmd;C:\Users\ewans\AppData\Local\Microsoft\WindowsApps;C:\Users\ewans\.dotnet\tools;D:\Outils\Microsoft VS Code\bin;C:\Users\ewans\AppData\Roaming\npm;;C:\WINDOWS\system32;
USERNAME=ewans
OS=Windows_NT
PROCESSOR_IDENTIFIER=Intel64 Family 6 Model 158 Stepping 10, GenuineIntel
TMP=C:\Users\ewans\AppData\Local\Temp
TEMP=C:\Users\ewans\AppData\Local\Temp



---------------  S Y S T E M  ---------------

OS:
 Windows 11 , 64 bit Build 22621 (10.0.22621.2506)
OS uptime: 5 days 12:50 hours

CPU: total 8 (initial active 8) (4 cores per cpu, 2 threads per core) family 6 model 158 stepping 10 microcode 0xde, cx8, cmov, fxsr, ht, mmx, 3dnowpref, sse, sse2, sse3, ssse3, sse4.1, sse4.2, popcnt, lzcnt, tsc, tscinvbit, avx, avx2, aes, erms, clmul, bmi1, bmi2, adx, fma, vzeroupper, clflush, clflushopt
Processor Information for all 8 processors :
  Max Mhz: 2304, Current Mhz: 2304, Mhz Limit: 2304

Memory: 4k page, system-wide physical 8000M (846M free)
TotalPageFile size 23105M (AvailPageFile size 88M)
current process WorkingSet (physical memory assigned to process): 11M, peak: 11M
current process commit charge ("private bytes"): 60M, peak: 186M

vm_info: OpenJDK 64-Bit Server VM (17.0.8.1+1) for windows-amd64 JRE (17.0.8.1+1), built on Aug 23 2023 15:29:17 by "admin" with MS VC++ 16.7 (VS2019)

END.
